{
  "stats": {
    "suites": 1,
    "tests": 1,
    "passes": 1,
    "pending": 0,
    "failures": 0,
    "start": "2024-02-16T07:55:20.575Z",
    "end": "2024-02-16T07:55:34.785Z",
    "duration": 14210,
    "testsRegistered": 1,
    "passPercent": 100,
    "pendingPercent": 0,
    "other": 0,
    "hasOther": false,
    "skipped": 0,
    "hasSkipped": false
  },
  "results": [
    {
      "uuid": "b4e30238-e653-472c-bf9e-fc52cc0e5ec0",
      "title": "",
      "fullFile": "C:\\Users\\acer\\Desktop\\OrangeMochaPOM\\OrangeMochaPOM\\TestCases\\Sanitytest.js",
      "file": "\\TestCases\\Sanitytest.js",
      "beforeHooks": [],
      "afterHooks": [],
      "tests": [],
      "suites": [
        {
          "uuid": "56207e52-49da-4c32-b2a9-424f5e355400",
          "title": "Login Page Test",
          "fullFile": "C:\\Users\\acer\\Desktop\\OrangeMochaPOM\\OrangeMochaPOM\\TestCases\\Sanitytest.js",
          "file": "\\TestCases\\Sanitytest.js",
          "beforeHooks": [
            {
              "title": "\"before each\" hook in \"Login Page Test\"",
              "fullTitle": "Login Page Test \"before each\" hook in \"Login Page Test\"",
              "timedOut": false,
              "duration": 14089,
              "state": null,
              "speed": null,
              "pass": false,
              "fail": false,
              "pending": false,
              "context": null,
              "code": "// create page objects\nsystemUtil = new SystemUtil();\nloginPage = new LoginPage(systemUtil.driver);\ndashboardPage = new DashboardPage(systemUtil.driver);\n//Open System\nawait systemUtil.openSystem();\n//Login to the System\nawait loginPage.successLogin(users.uName, users.uPassword);",
              "err": {},
              "uuid": "4f2e04f6-909e-45a1-81b7-9e1109834e94",
              "parentUUID": "56207e52-49da-4c32-b2a9-424f5e355400",
              "isHook": true,
              "skipped": false
            }
          ],
          "afterHooks": [
            {
              "title": "\"after each\" hook in \"Login Page Test\"",
              "fullTitle": "Login Page Test \"after each\" hook in \"Login Page Test\"",
              "timedOut": false,
              "duration": 1,
              "state": null,
              "speed": null,
              "pass": false,
              "fail": false,
              "pending": false,
              "context": null,
              "code": "//Close the system.\nawait SystemUtil.closeSystem();",
              "err": {},
              "uuid": "26cafa6f-b243-49fd-b7e7-6cfd09203e53",
              "parentUUID": "56207e52-49da-4c32-b2a9-424f5e355400",
              "isHook": true,
              "skipped": false
            }
          ],
          "tests": [
            {
              "title": "should log in successfully with valid credentials",
              "fullTitle": "Login Page Test should log in successfully with valid credentials",
              "timedOut": false,
              "duration": 34,
              "state": "passed",
              "speed": "fast",
              "pass": true,
              "fail": false,
              "pending": false,
              "context": null,
              "code": "// Getting Dahsboard header text & store it to dashHeader variable.\nconst dashHeader = await dashboardPage.verifyDashboardHeader();\n//Check it's equal 'Employee Management'.\nassert.equal(dashHeader, 'Employee Management', 'Header text does not match the expected value.');",
              "err": {},
              "uuid": "cca4bfff-9ff1-4678-9d0c-31810f1a562d",
              "parentUUID": "56207e52-49da-4c32-b2a9-424f5e355400",
              "isHook": false,
              "skipped": false
            }
          ],
          "suites": [],
          "passes": [
            "cca4bfff-9ff1-4678-9d0c-31810f1a562d"
          ],
          "failures": [],
          "pending": [],
          "skipped": [],
          "duration": 34,
          "root": false,
          "rootEmpty": false,
          "_timeout": 0
        }
      ],
      "passes": [],
      "failures": [],
      "pending": [],
      "skipped": [],
      "duration": 0,
      "root": true,
      "rootEmpty": true,
      "_timeout": 0
    }
  ],
  "meta": {
    "mocha": {
      "version": "10.3.0"
    },
    "mochawesome": {
      "options": {
        "quiet": false,
        "reportFilename": "TestResults",
        "saveHtml": true,
        "saveJson": true,
        "consoleReporter": "spec",
        "useInlineDiffs": false,
        "code": true
      },
      "version": "7.1.3"
    },
    "marge": {
      "options": {
        "reportDir": "/Users/acer/Desktop/OrangeMochaPOM/OrangeMochaPOM/TestReport",
        "reportFilename": "TestResults"
      },
      "version": "6.2.0"
    }
  }
}