{
  "stats": {
    "suites": 3,
    "tests": 2,
    "passes": 2,
    "pending": 0,
    "failures": 0,
    "start": "2024-02-22T15:34:26.000Z",
    "end": "2024-02-22T15:34:57.561Z",
    "duration": 31561,
    "testsRegistered": 2,
    "passPercent": 100,
    "pendingPercent": 0,
    "other": 0,
    "hasOther": false,
    "skipped": 0,
    "hasSkipped": false
  },
  "results": [
    {
      "uuid": "5278c504-535f-4da6-b98b-152f9173434a",
      "title": "",
      "fullFile": "C:\\Users\\acer\\Desktop\\OrangeMochaPOM\\OrangeMochaPOM\\TestCases\\Sanitytest.js",
      "file": "\\TestCases\\Sanitytest.js",
      "beforeHooks": [],
      "afterHooks": [],
      "tests": [],
      "suites": [
        {
          "uuid": "21e21d19-85fe-4d5f-8c46-f2a36bf74968",
          "title": "Sanity Test",
          "fullFile": "C:\\Users\\acer\\Desktop\\OrangeMochaPOM\\OrangeMochaPOM\\TestCases\\Sanitytest.js",
          "file": "\\TestCases\\Sanitytest.js",
          "beforeHooks": [
            {
              "title": "\"before each\" hook in \"Sanity Test\"",
              "fullTitle": "Sanity Test \"before each\" hook in \"Sanity Test\"",
              "timedOut": false,
              "duration": 17436,
              "state": null,
              "speed": null,
              "pass": false,
              "fail": false,
              "pending": false,
              "context": null,
              "code": "//create systemUtil object\nsystemUtil = new SystemUtil();\n//Call openSystem() function define in the SystemUtill.js file. Open the system.\nawait systemUtil.openSystem();\n//Create page objects.\nloginPage = new LoginPage(systemUtil.driver);\ndashboardPage = new DashboardPage(systemUtil.driver);\nadminPage = new AdminPage(systemUtil.driver);\n//Call successLogin() function define in the LoginPage.js file. Log in to the system. Geeting user name & password from Config.js file. \nawait loginPage.successLogin(users.uName, users.uPassword);",
              "err": {},
              "uuid": "3aad6d7f-56e8-45d1-a9aa-c1e40be1eed3",
              "parentUUID": "21e21d19-85fe-4d5f-8c46-f2a36bf74968",
              "isHook": true,
              "skipped": false
            }
          ],
          "afterHooks": [
            {
              "title": "\"after each\" hook in \"Sanity Test\"",
              "fullTitle": "Sanity Test \"after each\" hook in \"Sanity Test\"",
              "timedOut": false,
              "duration": 220,
              "state": null,
              "speed": null,
              "pass": false,
              "fail": false,
              "pending": false,
              "context": null,
              "code": "//Call resetImplicitWait() function define in the SystemUtil.js file.\nawait systemUtil.resetImplicitWait(10000);\n//Call closeSystem() function define in the SystemUtil,js file. Close the system.\nawait systemUtil.closeSystem();",
              "err": {},
              "uuid": "b091f2c4-efe4-423c-aeea-bfe48ee2f6e5",
              "parentUUID": "21e21d19-85fe-4d5f-8c46-f2a36bf74968",
              "isHook": true,
              "skipped": false
            }
          ],
          "tests": [],
          "suites": [
            {
              "uuid": "1d21d978-1086-4cdf-9a52-12b45eef38db",
              "title": "Login to the System",
              "fullFile": "C:\\Users\\acer\\Desktop\\OrangeMochaPOM\\OrangeMochaPOM\\TestCases\\Sanitytest.js",
              "file": "\\TestCases\\Sanitytest.js",
              "beforeHooks": [],
              "afterHooks": [],
              "tests": [
                {
                  "title": "Should log in successfully with valid credentials",
                  "fullTitle": "Sanity Test Login to the System Should log in successfully with valid credentials",
                  "timedOut": false,
                  "duration": 98,
                  "state": "passed",
                  "speed": "slow",
                  "pass": true,
                  "fail": false,
                  "pending": false,
                  "context": null,
                  "code": "//Getting Dashboard Header title from DashboardPage.js file.\nconst dashHeader = await dashboardPage.verifyDashboardHeader();\n//Compare the title with Actual value.\nassert.equal(dashHeader, 'Employee Management', 'Header text does not match the expected value.');",
                  "err": {},
                  "uuid": "6d97ae30-977e-4e21-bfe6-2027c1e6e57a",
                  "parentUUID": "1d21d978-1086-4cdf-9a52-12b45eef38db",
                  "isHook": false,
                  "skipped": false
                }
              ],
              "suites": [],
              "passes": [
                "6d97ae30-977e-4e21-bfe6-2027c1e6e57a"
              ],
              "failures": [],
              "pending": [],
              "skipped": [],
              "duration": 98,
              "root": false,
              "rootEmpty": false,
              "_timeout": 0
            },
            {
              "uuid": "8687b1ec-f97e-4cdb-90c8-360b00bc6e84",
              "title": "Login to the Admin Module",
              "fullFile": "C:\\Users\\acer\\Desktop\\OrangeMochaPOM\\OrangeMochaPOM\\TestCases\\Sanitytest.js",
              "file": "\\TestCases\\Sanitytest.js",
              "beforeHooks": [],
              "afterHooks": [],
              "tests": [
                {
                  "title": "Should log in successfully to Admin Module",
                  "fullTitle": "Sanity Test Login to the Admin Module Should log in successfully to Admin Module",
                  "timedOut": false,
                  "duration": 195,
                  "state": "passed",
                  "speed": "slow",
                  "pass": true,
                  "fail": false,
                  "pending": false,
                  "context": null,
                  "code": "//Click Side Bar Admin Module\nawait dashboardPage.clickAdminModule();\n//Getting Admin Module Bpard Header title from AdminPage.js file.\nconst adminModhHeader = await adminPage.verifyingAdminModuleHeader();\n//Compare the title with Actual value.\nassert.equal(adminModhHeader, 'HR Administration', 'Header text does not match the expected value.');",
                  "err": {},
                  "uuid": "7bdcd60d-a746-4f6b-a763-84a17eefa79b",
                  "parentUUID": "8687b1ec-f97e-4cdb-90c8-360b00bc6e84",
                  "isHook": false,
                  "skipped": false
                }
              ],
              "suites": [],
              "passes": [
                "7bdcd60d-a746-4f6b-a763-84a17eefa79b"
              ],
              "failures": [],
              "pending": [],
              "skipped": [],
              "duration": 195,
              "root": false,
              "rootEmpty": false,
              "_timeout": 0
            }
          ],
          "passes": [],
          "failures": [],
          "pending": [],
          "skipped": [],
          "duration": 0,
          "root": false,
          "rootEmpty": false,
          "_timeout": 0
        }
      ],
      "passes": [],
      "failures": [],
      "pending": [],
      "skipped": [],
      "duration": 0,
      "root": true,
      "rootEmpty": true,
      "_timeout": 0
    }
  ],
  "meta": {
    "mocha": {
      "version": "10.3.0"
    },
    "mochawesome": {
      "options": {
        "quiet": false,
        "reportFilename": "TestResults",
        "saveHtml": true,
        "saveJson": true,
        "consoleReporter": "spec",
        "useInlineDiffs": false,
        "code": true
      },
      "version": "7.1.3"
    },
    "marge": {
      "options": {
        "reportDir": "/Users/acer/Desktop/OrangeMochaPOM/OrangeMochaPOM/TestReport",
        "reportFilename": "TestResults"
      },
      "version": "6.2.0"
    }
  }
}