{
  "stats": {
    "suites": 3,
    "tests": 2,
    "passes": 2,
    "pending": 0,
    "failures": 0,
    "start": "2024-02-22T15:21:15.622Z",
    "end": "2024-02-22T15:21:44.958Z",
    "duration": 29336,
    "testsRegistered": 2,
    "passPercent": 100,
    "pendingPercent": 0,
    "other": 0,
    "hasOther": false,
    "skipped": 0,
    "hasSkipped": false
  },
  "results": [
    {
      "uuid": "8ef52ed3-705d-4915-b492-86b32e76495a",
      "title": "",
      "fullFile": "C:\\Users\\acer\\Desktop\\OrangeMochaPOM\\OrangeMochaPOM\\TestCases\\Sanitytest.js",
      "file": "\\TestCases\\Sanitytest.js",
      "beforeHooks": [],
      "afterHooks": [],
      "tests": [],
      "suites": [
        {
          "uuid": "156fb92f-5432-47c6-a52c-87803526ccf1",
          "title": "Sanity Test",
          "fullFile": "C:\\Users\\acer\\Desktop\\OrangeMochaPOM\\OrangeMochaPOM\\TestCases\\Sanitytest.js",
          "file": "\\TestCases\\Sanitytest.js",
          "beforeHooks": [
            {
              "title": "\"before each\" hook in \"Sanity Test\"",
              "fullTitle": "Sanity Test \"before each\" hook in \"Sanity Test\"",
              "timedOut": false,
              "duration": 13254,
              "state": null,
              "speed": null,
              "pass": false,
              "fail": false,
              "pending": false,
              "context": null,
              "code": "systemUtil = new SystemUtil();\nawait systemUtil.openSystem();\nloginPage = new LoginPage(systemUtil.driver);\ndashboardPage = new DashboardPage(systemUtil.driver);\nadminPage = new AdminPage(systemUtil.driver);\nawait loginPage.successLogin(users.uName, users.uPassword);",
              "err": {},
              "uuid": "35c33475-aca1-4dc9-8012-de4208a7dd37",
              "parentUUID": "156fb92f-5432-47c6-a52c-87803526ccf1",
              "isHook": true,
              "skipped": false
            }
          ],
          "afterHooks": [
            {
              "title": "\"after each\" hook in \"Sanity Test\"",
              "fullTitle": "Sanity Test \"after each\" hook in \"Sanity Test\"",
              "timedOut": false,
              "duration": 320,
              "state": null,
              "speed": null,
              "pass": false,
              "fail": false,
              "pending": false,
              "context": null,
              "code": "await systemUtil.resetImplicitWait(10000);\nawait systemUtil.closeSystem();",
              "err": {},
              "uuid": "e1d76fe5-3eec-4059-a9df-1e046a19607d",
              "parentUUID": "156fb92f-5432-47c6-a52c-87803526ccf1",
              "isHook": true,
              "skipped": false
            }
          ],
          "tests": [],
          "suites": [
            {
              "uuid": "df3103f2-8439-4fb4-8bfe-dd0abbf414f2",
              "title": "Login to the System",
              "fullFile": "C:\\Users\\acer\\Desktop\\OrangeMochaPOM\\OrangeMochaPOM\\TestCases\\Sanitytest.js",
              "file": "\\TestCases\\Sanitytest.js",
              "beforeHooks": [],
              "afterHooks": [],
              "tests": [
                {
                  "title": "Should log in successfully with valid credentials",
                  "fullTitle": "Sanity Test Login to the System Should log in successfully with valid credentials",
                  "timedOut": false,
                  "duration": 41,
                  "state": "passed",
                  "speed": "medium",
                  "pass": true,
                  "fail": false,
                  "pending": false,
                  "context": null,
                  "code": "const dashHeader = await dashboardPage.verifyDashboardHeader();\nassert.equal(dashHeader, 'Employee Management', 'Header text does not match the expected value.');",
                  "err": {},
                  "uuid": "57bbf640-fdd4-41c5-a9f0-1e18f1e9f28c",
                  "parentUUID": "df3103f2-8439-4fb4-8bfe-dd0abbf414f2",
                  "isHook": false,
                  "skipped": false
                }
              ],
              "suites": [],
              "passes": [
                "57bbf640-fdd4-41c5-a9f0-1e18f1e9f28c"
              ],
              "failures": [],
              "pending": [],
              "skipped": [],
              "duration": 41,
              "root": false,
              "rootEmpty": false,
              "_timeout": 0
            },
            {
              "uuid": "20d333d6-7472-4351-b2b8-4e62258625e0",
              "title": "Login to the Admin Module",
              "fullFile": "C:\\Users\\acer\\Desktop\\OrangeMochaPOM\\OrangeMochaPOM\\TestCases\\Sanitytest.js",
              "file": "\\TestCases\\Sanitytest.js",
              "beforeHooks": [],
              "afterHooks": [],
              "tests": [
                {
                  "title": "Should log in successfully to Admin Module",
                  "fullTitle": "Sanity Test Login to the Admin Module Should log in successfully to Admin Module",
                  "timedOut": false,
                  "duration": 223,
                  "state": "passed",
                  "speed": "slow",
                  "pass": true,
                  "fail": false,
                  "pending": false,
                  "context": null,
                  "code": "await dashboardPage.clickAdminModule();\nconst adminModhHeader = await adminPage.verifyingAdminModuleHeader();\nassert.equal(adminModhHeader, 'HR Administration', 'Header text does not match the expected value.');",
                  "err": {},
                  "uuid": "3ad9db8f-779d-42ca-8bae-ab9ccd80bbcd",
                  "parentUUID": "20d333d6-7472-4351-b2b8-4e62258625e0",
                  "isHook": false,
                  "skipped": false
                }
              ],
              "suites": [],
              "passes": [
                "3ad9db8f-779d-42ca-8bae-ab9ccd80bbcd"
              ],
              "failures": [],
              "pending": [],
              "skipped": [],
              "duration": 223,
              "root": false,
              "rootEmpty": false,
              "_timeout": 0
            }
          ],
          "passes": [],
          "failures": [],
          "pending": [],
          "skipped": [],
          "duration": 0,
          "root": false,
          "rootEmpty": false,
          "_timeout": 0
        }
      ],
      "passes": [],
      "failures": [],
      "pending": [],
      "skipped": [],
      "duration": 0,
      "root": true,
      "rootEmpty": true,
      "_timeout": 0
    }
  ],
  "meta": {
    "mocha": {
      "version": "10.3.0"
    },
    "mochawesome": {
      "options": {
        "quiet": false,
        "reportFilename": "TestResults",
        "saveHtml": true,
        "saveJson": true,
        "consoleReporter": "spec",
        "useInlineDiffs": false,
        "code": true
      },
      "version": "7.1.3"
    },
    "marge": {
      "options": {
        "reportDir": "/Users/acer/Desktop/OrangeMochaPOM/OrangeMochaPOM/TestReport",
        "reportFilename": "TestResults"
      },
      "version": "6.2.0"
    }
  }
}