{
  "stats": {
    "suites": 3,
    "tests": 2,
    "passes": 2,
    "pending": 0,
    "failures": 0,
    "start": "2024-02-22T11:59:27.789Z",
    "end": "2024-02-22T11:59:51.072Z",
    "duration": 23283,
    "testsRegistered": 2,
    "passPercent": 100,
    "pendingPercent": 0,
    "other": 0,
    "hasOther": false,
    "skipped": 0,
    "hasSkipped": false
  },
  "results": [
    {
      "uuid": "7a2f09c5-fcf5-41ac-a585-de1596fb4733",
      "title": "",
      "fullFile": "C:\\Users\\acer\\Desktop\\OrangeMochaPOM\\OrangeMochaPOM\\TestCases\\Sanitytest.js",
      "file": "\\TestCases\\Sanitytest.js",
      "beforeHooks": [],
      "afterHooks": [],
      "tests": [],
      "suites": [
        {
          "uuid": "96856a23-3d22-4821-87aa-e80cc1d6260d",
          "title": "Sanity Test",
          "fullFile": "C:\\Users\\acer\\Desktop\\OrangeMochaPOM\\OrangeMochaPOM\\TestCases\\Sanitytest.js",
          "file": "\\TestCases\\Sanitytest.js",
          "beforeHooks": [
            {
              "title": "\"before all\" hook in \"Sanity Test\"",
              "fullTitle": "Sanity Test \"before all\" hook in \"Sanity Test\"",
              "timedOut": false,
              "duration": 0,
              "state": null,
              "speed": null,
              "pass": false,
              "fail": false,
              "pending": false,
              "context": null,
              "code": "",
              "err": {},
              "uuid": "ea6da948-cbaa-4e13-98fd-aa6bfbc419ba",
              "parentUUID": "96856a23-3d22-4821-87aa-e80cc1d6260d",
              "isHook": true,
              "skipped": false
            },
            {
              "title": "\"before each\" hook in \"Sanity Test\"",
              "fullTitle": "Sanity Test \"before each\" hook in \"Sanity Test\"",
              "timedOut": false,
              "duration": 11413,
              "state": null,
              "speed": null,
              "pass": false,
              "fail": false,
              "pending": false,
              "context": null,
              "code": "systemUtil = new SystemUtil();\nawait systemUtil.openSystem();\nloginPage = new LoginPage(systemUtil.driver);\ndashboardPage = new DashboardPage(systemUtil.driver);\nadminPage = new AdminPage(systemUtil.driver);\nawait loginPage.successLogin(users.uName, users.uPassword);",
              "err": {},
              "uuid": "96728df1-77a2-4e63-9469-7787ff75f00f",
              "parentUUID": "96856a23-3d22-4821-87aa-e80cc1d6260d",
              "isHook": true,
              "skipped": false
            }
          ],
          "afterHooks": [
            {
              "title": "\"after all\" hook in \"Sanity Test\"",
              "fullTitle": "Sanity Test \"after all\" hook in \"Sanity Test\"",
              "timedOut": false,
              "duration": 0,
              "state": null,
              "speed": null,
              "pass": false,
              "fail": false,
              "pending": false,
              "context": null,
              "code": "",
              "err": {},
              "uuid": "9fc27583-8aaa-4cb1-b28d-d222c288deef",
              "parentUUID": "96856a23-3d22-4821-87aa-e80cc1d6260d",
              "isHook": true,
              "skipped": false
            },
            {
              "title": "\"after each\" hook in \"Sanity Test\"",
              "fullTitle": "Sanity Test \"after each\" hook in \"Sanity Test\"",
              "timedOut": false,
              "duration": 221,
              "state": null,
              "speed": null,
              "pass": false,
              "fail": false,
              "pending": false,
              "context": null,
              "code": "await systemUtil.resetImplicitWait(10000);\nawait systemUtil.closeSystem();",
              "err": {},
              "uuid": "a10f6c74-9863-41c5-90d3-9c1c6d852a09",
              "parentUUID": "96856a23-3d22-4821-87aa-e80cc1d6260d",
              "isHook": true,
              "skipped": false
            }
          ],
          "tests": [],
          "suites": [
            {
              "uuid": "9f5f14fd-2704-47f7-84e4-68c22ba17d57",
              "title": "Login to the System",
              "fullFile": "C:\\Users\\acer\\Desktop\\OrangeMochaPOM\\OrangeMochaPOM\\TestCases\\Sanitytest.js",
              "file": "\\TestCases\\Sanitytest.js",
              "beforeHooks": [],
              "afterHooks": [],
              "tests": [
                {
                  "title": "Should log in successfully with valid credentials",
                  "fullTitle": "Sanity Test Login to the System Should log in successfully with valid credentials",
                  "timedOut": false,
                  "duration": 38,
                  "state": "passed",
                  "speed": "medium",
                  "pass": true,
                  "fail": false,
                  "pending": false,
                  "context": null,
                  "code": "const dashHeader = await dashboardPage.verifyDashboardHeader();\nassert.equal(dashHeader, 'Employee Management', 'Header text does not match the expected value.');",
                  "err": {},
                  "uuid": "5d7ec207-7cac-4cd7-b135-517679bf8881",
                  "parentUUID": "9f5f14fd-2704-47f7-84e4-68c22ba17d57",
                  "isHook": false,
                  "skipped": false
                }
              ],
              "suites": [],
              "passes": [
                "5d7ec207-7cac-4cd7-b135-517679bf8881"
              ],
              "failures": [],
              "pending": [],
              "skipped": [],
              "duration": 38,
              "root": false,
              "rootEmpty": false,
              "_timeout": 0
            },
            {
              "uuid": "d72e6bdc-6d01-49b2-bc6e-c299de028f4a",
              "title": "Login to the Admin Module",
              "fullFile": "C:\\Users\\acer\\Desktop\\OrangeMochaPOM\\OrangeMochaPOM\\TestCases\\Sanitytest.js",
              "file": "\\TestCases\\Sanitytest.js",
              "beforeHooks": [],
              "afterHooks": [],
              "tests": [
                {
                  "title": "Should log in successfully to Admin Module",
                  "fullTitle": "Sanity Test Login to the Admin Module Should log in successfully to Admin Module",
                  "timedOut": false,
                  "duration": 211,
                  "state": "passed",
                  "speed": "slow",
                  "pass": true,
                  "fail": false,
                  "pending": false,
                  "context": null,
                  "code": "await dashboardPage.clickAdminModule();\nconst adminModhHeader = await adminPage.verifyingAdminModuleHeader();\nassert.equal(adminModhHeader, 'HR Administration', 'Header text does not match the expected value.');",
                  "err": {},
                  "uuid": "ea2cee73-84c1-4a97-ba7d-2bb29c08e6da",
                  "parentUUID": "d72e6bdc-6d01-49b2-bc6e-c299de028f4a",
                  "isHook": false,
                  "skipped": false
                }
              ],
              "suites": [],
              "passes": [
                "ea2cee73-84c1-4a97-ba7d-2bb29c08e6da"
              ],
              "failures": [],
              "pending": [],
              "skipped": [],
              "duration": 211,
              "root": false,
              "rootEmpty": false,
              "_timeout": 0
            }
          ],
          "passes": [],
          "failures": [],
          "pending": [],
          "skipped": [],
          "duration": 0,
          "root": false,
          "rootEmpty": false,
          "_timeout": 0
        }
      ],
      "passes": [],
      "failures": [],
      "pending": [],
      "skipped": [],
      "duration": 0,
      "root": true,
      "rootEmpty": true,
      "_timeout": 0
    }
  ],
  "meta": {
    "mocha": {
      "version": "10.3.0"
    },
    "mochawesome": {
      "options": {
        "quiet": false,
        "reportFilename": "TestResults",
        "saveHtml": true,
        "saveJson": true,
        "consoleReporter": "spec",
        "useInlineDiffs": false,
        "code": true
      },
      "version": "7.1.3"
    },
    "marge": {
      "options": {
        "reportDir": "/Users/acer/Desktop/OrangeMochaPOM/OrangeMochaPOM/TestReport",
        "reportFilename": "TestResults"
      },
      "version": "6.2.0"
    }
  }
}